  Chrono.cpp
  Archer.cpp
  Aventurier.cpp
  Elfe.cpp
  FactoryAventurier.cpp
  Guerrier.cpp
  Guilde.cpp
C:\Users\Dolotboy\Desktop\Dolotboy\Ecole\Cegep\Session#3\Programmation Jeux Vidéo\Cours #4\LaGuilde\LaGuilde\Guilde.h(7,9): warning C4067: jetons inattendus après la directive du préprocesseur - saut de ligne attendu
C:\Users\Dolotboy\Desktop\Dolotboy\Ecole\Cegep\Session#3\Programmation Jeux Vidéo\Cours #4\LaGuilde\LaGuilde\Guilde.cpp(19,15): warning C4101: 'leMenu' : variable locale non référencée
  Humain.cpp
  LaGuilde.cpp
C:\Users\Dolotboy\Desktop\Dolotboy\Ecole\Cegep\Session#3\Programmation Jeux Vidéo\Cours #4\LaGuilde\LaGuilde\Guilde.h(7,9): warning C4067: jetons inattendus après la directive du préprocesseur - saut de ligne attendu
C:\Users\Dolotboy\Desktop\Dolotboy\Ecole\Cegep\Session#3\Programmation Jeux Vidéo\Cours #4\LaGuilde\LaGuilde\LaGuilde.cpp(11,12): warning C4244: 'argument' : conversion de 'time_t' en 'unsigned int', perte possible de données
  Mage.cpp
  MenuManager.cpp
C:\Users\Dolotboy\Desktop\Dolotboy\Ecole\Cegep\Session#3\Programmation Jeux Vidéo\Cours #4\LaGuilde\LaGuilde\Guilde.h(7,9): warning C4067: jetons inattendus après la directive du préprocesseur - saut de ligne attendu
  Orc.cpp
  Quete.cpp
  Race.cpp
  Génération de code en cours...
C:\Users\Dolotboy\Desktop\Dolotboy\Ecole\Cegep\Session#3\Programmation Jeux Vidéo\Cours #4\LaGuilde\LaGuilde\MenuManager.cpp(64): warning C4717: 'MenuManager::menuPrincipal' : récurrent sur tous les chemins d'accès de contrôle, la fonction entraînera un dépassement de capacité de la pile d'exécution
  LaGuilde.vcxproj -> C:\Users\Dolotboy\Desktop\Dolotboy\Ecole\Cegep\Session#3\Programmation Jeux Vidéo\Cours #4\LaGuilde\Debug\LaGuilde.exe
