c:\users\dolotboy\desktop\dolotboy\ecole\cegep\session#3\programmation jeux vidéo\cours #4\laguilde\laguilde\debug\vc142.pdb
c:\users\dolotboy\desktop\dolotboy\ecole\cegep\session#3\programmation jeux vidéo\cours #4\laguilde\laguilde\debug\vc142.idb
c:\users\dolotboy\desktop\dolotboy\ecole\cegep\session#3\programmation jeux vidéo\cours #4\laguilde\laguilde\debug\race.obj
c:\users\dolotboy\desktop\dolotboy\ecole\cegep\session#3\programmation jeux vidéo\cours #4\laguilde\laguilde\debug\orc.obj
c:\users\dolotboy\desktop\dolotboy\ecole\cegep\session#3\programmation jeux vidéo\cours #4\laguilde\laguilde\debug\menumanager.obj
c:\users\dolotboy\desktop\dolotboy\ecole\cegep\session#3\programmation jeux vidéo\cours #4\laguilde\laguilde\debug\mage.obj
c:\users\dolotboy\desktop\dolotboy\ecole\cegep\session#3\programmation jeux vidéo\cours #4\laguilde\laguilde\debug\laguilde.obj
c:\users\dolotboy\desktop\dolotboy\ecole\cegep\session#3\programmation jeux vidéo\cours #4\laguilde\laguilde\debug\humain.obj
c:\users\dolotboy\desktop\dolotboy\ecole\cegep\session#3\programmation jeux vidéo\cours #4\laguilde\laguilde\debug\guerrier.obj
c:\users\dolotboy\desktop\dolotboy\ecole\cegep\session#3\programmation jeux vidéo\cours #4\laguilde\laguilde\debug\factoryaventurier.obj
c:\users\dolotboy\desktop\dolotboy\ecole\cegep\session#3\programmation jeux vidéo\cours #4\laguilde\laguilde\debug\elfe.obj
c:\users\dolotboy\desktop\dolotboy\ecole\cegep\session#3\programmation jeux vidéo\cours #4\laguilde\laguilde\debug\aventurier.obj
c:\users\dolotboy\desktop\dolotboy\ecole\cegep\session#3\programmation jeux vidéo\cours #4\laguilde\laguilde\debug\archer.obj
c:\users\dolotboy\desktop\dolotboy\ecole\cegep\session#3\programmation jeux vidéo\cours #4\laguilde\laguilde\debug\quete.obj
c:\users\dolotboy\desktop\dolotboy\ecole\cegep\session#3\programmation jeux vidéo\cours #4\laguilde\laguilde\debug\guilde.obj
c:\users\dolotboy\desktop\dolotboy\ecole\cegep\session#3\programmation jeux vidéo\cours #4\laguilde\debug\laguilde.exe
c:\users\dolotboy\desktop\dolotboy\ecole\cegep\session#3\programmation jeux vidéo\cours #4\laguilde\debug\laguilde.ilk
c:\users\dolotboy\desktop\dolotboy\ecole\cegep\session#3\programmation jeux vidéo\cours #4\laguilde\debug\laguilde.pdb
c:\users\dolotboy\desktop\dolotboy\ecole\cegep\session#3\programmation jeux vidéo\cours #4\laguilde\laguilde\debug\laguilde.tlog\cl.command.1.tlog
c:\users\dolotboy\desktop\dolotboy\ecole\cegep\session#3\programmation jeux vidéo\cours #4\laguilde\laguilde\debug\laguilde.tlog\cl.read.1.tlog
c:\users\dolotboy\desktop\dolotboy\ecole\cegep\session#3\programmation jeux vidéo\cours #4\laguilde\laguilde\debug\laguilde.tlog\cl.write.1.tlog
c:\users\dolotboy\desktop\dolotboy\ecole\cegep\session#3\programmation jeux vidéo\cours #4\laguilde\laguilde\debug\laguilde.tlog\link.command.1.tlog
c:\users\dolotboy\desktop\dolotboy\ecole\cegep\session#3\programmation jeux vidéo\cours #4\laguilde\laguilde\debug\laguilde.tlog\link.read.1.tlog
c:\users\dolotboy\desktop\dolotboy\ecole\cegep\session#3\programmation jeux vidéo\cours #4\laguilde\laguilde\debug\laguilde.tlog\link.write.1.tlog
